2025-10-30 09:19:28.875  INFO 35796 --- [SpringContextShutdownHook] o.s.s.concurrent.ThreadPoolTaskExecutor  : Shutting down ExecutorService 'applicationTaskExecutor'
2025-10-30 09:19:28.879  INFO 35796 --- [SpringContextShutdownHook] j.LocalContainerEntityManagerFactoryBean : Closing JPA EntityManagerFactory for persistence unit 'default'
2025-10-30 09:19:28.880  INFO 35796 --- [SpringContextShutdownHook] com.alibaba.druid.pool.DruidDataSource   : {dataSource-1} closing ...
2025-10-30 09:19:28.880  INFO 35796 --- [SpringContextShutdownHook] com.alibaba.druid.pool.DruidDataSource   : {dataSource-1} closed
2025-10-30 09:19:33.245  INFO 9736 --- [main] com.cn.taihe.BackcentralMicroserviceApp  : Starting BackcentralMicroserviceApp on SC-202405141649 with PID 9736 (F:\project_soft\Java_soft\taihe\aifengshui\backcentral\target\classes started by Administrator in F:\project_soft\Java_soft\taihe)
2025-10-30 09:19:33.248 DEBUG 9736 --- [main] com.cn.taihe.BackcentralMicroserviceApp  : Running with Spring Boot v2.2.12.RELEASE, Spring v5.2.12.RELEASE
2025-10-30 09:19:33.248  INFO 9736 --- [main] com.cn.taihe.BackcentralMicroserviceApp  : The following profiles are active: dev
2025-10-30 09:19:33.770  INFO 9736 --- [main] .s.d.r.c.RepositoryConfigurationDelegate : Bootstrapping Spring Data JPA repositories in DEFAULT mode.
2025-10-30 09:19:33.790  INFO 9736 --- [main] .s.d.r.c.RepositoryConfigurationDelegate : Finished Spring Data repository scanning in 14ms. Found 0 JPA repository interfaces.
2025-10-30 09:19:33.857 DEBUG 9736 --- [main] o.m.s.mapper.ClassPathMapperScanner      : Identified candidate component class: file [F:\project_soft\Java_soft\taihe\aifengshui\backcentral\target\classes\com\cn\taihe\back\user\mapper\UserMapper.class]
2025-10-30 09:19:33.857 DEBUG 9736 --- [main] o.m.s.mapper.ClassPathMapperScanner      : Identified candidate component class: file [F:\project_soft\Java_soft\taihe\aifengshui\backcentral\target\classes\com\cn\taihe\back\user\mapper\UserPasswordResetMapper.class]
2025-10-30 09:19:33.857 DEBUG 9736 --- [main] o.m.s.mapper.ClassPathMapperScanner      : Creating MapperFactoryBean with name 'userMapper' and 'com.cn.taihe.back.user.mapper.UserMapper' mapperInterface
2025-10-30 09:19:33.858 DEBUG 9736 --- [main] o.m.s.mapper.ClassPathMapperScanner      : Enabling autowire by type for MapperFactoryBean with name 'userMapper'.
2025-10-30 09:19:33.858 DEBUG 9736 --- [main] o.m.s.mapper.ClassPathMapperScanner      : Creating MapperFactoryBean with name 'userPasswordResetMapper' and 'com.cn.taihe.back.user.mapper.UserPasswordResetMapper' mapperInterface
2025-10-30 09:19:33.859 DEBUG 9736 --- [main] o.m.s.mapper.ClassPathMapperScanner      : Enabling autowire by type for MapperFactoryBean with name 'userPasswordResetMapper'.
2025-10-30 09:19:33.860 DEBUG 9736 --- [main] o.m.s.mapper.ClassPathMapperScanner      : Identified candidate component class: file [F:\project_soft\Java_soft\taihe\aifengshui\backcentral\target\classes\com\cn\taihe\back\category\mapper\CategoryMapper.class]
2025-10-30 09:19:33.860 DEBUG 9736 --- [main] o.m.s.mapper.ClassPathMapperScanner      : Identified candidate component class: file [F:\project_soft\Java_soft\taihe\aifengshui\backcentral\target\classes\com\cn\taihe\back\category\mapper\DateMapper.class]
2025-10-30 09:19:33.860 DEBUG 9736 --- [main] o.m.s.mapper.ClassPathMapperScanner      : Ignored because not a concrete top-level class: file [F:\project_soft\Java_soft\taihe\aifengshui\backcentral\target\classes\com\cn\taihe\back\category\mapper\DateMapperImpl.class]
2025-10-30 09:19:33.860 DEBUG 9736 --- [main] o.m.s.mapper.ClassPathMapperScanner      : Ignored because not a concrete top-level class: file [F:\project_soft\Java_soft\taihe\aifengshui\backcentral\target\classes\com\cn\taihe\back\product\mapper\ProductMapper$ProductSqlBuilder$1.class]
2025-10-30 09:19:33.860 DEBUG 9736 --- [main] o.m.s.mapper.ClassPathMapperScanner      : Ignored because not a concrete top-level class: file [F:\project_soft\Java_soft\taihe\aifengshui\backcentral\target\classes\com\cn\taihe\back\product\mapper\ProductMapper$ProductSqlBuilder$2.class]
2025-10-30 09:19:33.860 DEBUG 9736 --- [main] o.m.s.mapper.ClassPathMapperScanner      : Ignored because not a concrete top-level class: file [F:\project_soft\Java_soft\taihe\aifengshui\backcentral\target\classes\com\cn\taihe\back\product\mapper\ProductMapper$ProductSqlBuilder$3.class]
2025-10-30 09:19:33.860 DEBUG 9736 --- [main] o.m.s.mapper.ClassPathMapperScanner      : Ignored because not a concrete top-level class: file [F:\project_soft\Java_soft\taihe\aifengshui\backcentral\target\classes\com\cn\taihe\back\product\mapper\ProductMapper$ProductSqlBuilder.class]
2025-10-30 09:19:33.860 DEBUG 9736 --- [main] o.m.s.mapper.ClassPathMapperScanner      : Identified candidate component class: file [F:\project_soft\Java_soft\taihe\aifengshui\backcentral\target\classes\com\cn\taihe\back\product\mapper\ProductMapper.class]
2025-10-30 09:19:33.860 DEBUG 9736 --- [main] o.m.s.mapper.ClassPathMapperScanner      : Identified candidate component class: file [F:\project_soft\Java_soft\taihe\aifengshui\backcentral\target\classes\com\cn\taihe\back\suppliers\mapper\ChangeLogMapper.class]
2025-10-30 09:19:33.860 DEBUG 9736 --- [main] o.m.s.mapper.ClassPathMapperScanner      : Identified candidate component class: file [F:\project_soft\Java_soft\taihe\aifengshui\backcentral\target\classes\com\cn\taihe\back\suppliers\mapper\ContactMapper.class]
2025-10-30 09:19:33.860 DEBUG 9736 --- [main] o.m.s.mapper.ClassPathMapperScanner      : Identified candidate component class: file [F:\project_soft\Java_soft\taihe\aifengshui\backcentral\target\classes\com\cn\taihe\back\suppliers\mapper\EvaluationMapper.class]
2025-10-30 09:19:33.860 DEBUG 9736 --- [main] o.m.s.mapper.ClassPathMapperScanner      : Identified candidate component class: file [F:\project_soft\Java_soft\taihe\aifengshui\backcentral\target\classes\com\cn\taihe\back\suppliers\mapper\SupplierCertificateMapper.class]
2025-10-30 09:19:33.860 DEBUG 9736 --- [main] o.m.s.mapper.ClassPathMapperScanner      : Identified candidate component class: file [F:\project_soft\Java_soft\taihe\aifengshui\backcentral\target\classes\com\cn\taihe\back\suppliers\mapper\SupplierMapper.class]
2025-10-30 09:19:33.860 DEBUG 9736 --- [main] o.m.s.mapper.ClassPathMapperScanner      : Identified candidate component class: file [F:\project_soft\Java_soft\taihe\aifengshui\backcentral\target\classes\com\cn\taihe\back\user\mapper\UserMapper.class]
2025-10-30 09:19:33.860 DEBUG 9736 --- [main] o.m.s.mapper.ClassPathMapperScanner      : Identified candidate component class: file [F:\project_soft\Java_soft\taihe\aifengshui\backcentral\target\classes\com\cn\taihe\back\user\mapper\UserPasswordResetMapper.class]
2025-10-30 09:19:33.861  WARN 9736 --- [main] o.m.s.mapper.ClassPathMapperScanner      : Skipping MapperFactoryBean with name 'userMapper' and 'com.cn.taihe.back.user.mapper.UserMapper' mapperInterface. Bean already defined with the same name!
2025-10-30 09:19:33.861  WARN 9736 --- [main] o.m.s.mapper.ClassPathMapperScanner      : Skipping MapperFactoryBean with name 'userPasswordResetMapper' and 'com.cn.taihe.back.user.mapper.UserPasswordResetMapper' mapperInterface. Bean already defined with the same name!
2025-10-30 09:19:33.861 DEBUG 9736 --- [main] o.m.s.mapper.ClassPathMapperScanner      : Creating MapperFactoryBean with name 'categoryMapper' and 'com.cn.taihe.back.category.mapper.CategoryMapper' mapperInterface
2025-10-30 09:19:33.861 DEBUG 9736 --- [main] o.m.s.mapper.ClassPathMapperScanner      : Enabling autowire by type for MapperFactoryBean with name 'categoryMapper'.
2025-10-30 09:19:33.861 DEBUG 9736 --- [main] o.m.s.mapper.ClassPathMapperScanner      : Creating MapperFactoryBean with name 'dateMapper' and 'com.cn.taihe.back.category.mapper.DateMapper' mapperInterface
2025-10-30 09:19:33.862 DEBUG 9736 --- [main] o.m.s.mapper.ClassPathMapperScanner      : Enabling autowire by type for MapperFactoryBean with name 'dateMapper'.
2025-10-30 09:19:33.862 DEBUG 9736 --- [main] o.m.s.mapper.ClassPathMapperScanner      : Creating MapperFactoryBean with name 'productMapper' and 'com.cn.taihe.back.product.mapper.ProductMapper' mapperInterface
2025-10-30 09:19:33.862 DEBUG 9736 --- [main] o.m.s.mapper.ClassPathMapperScanner      : Enabling autowire by type for MapperFactoryBean with name 'productMapper'.
2025-10-30 09:19:33.862 DEBUG 9736 --- [main] o.m.s.mapper.ClassPathMapperScanner      : Creating MapperFactoryBean with name 'changeLogMapper' and 'com.cn.taihe.back.suppliers.mapper.ChangeLogMapper' mapperInterface
2025-10-30 09:19:33.862 DEBUG 9736 --- [main] o.m.s.mapper.ClassPathMapperScanner      : Enabling autowire by type for MapperFactoryBean with name 'changeLogMapper'.
2025-10-30 09:19:33.862 DEBUG 9736 --- [main] o.m.s.mapper.ClassPathMapperScanner      : Creating MapperFactoryBean with name 'contactMapper' and 'com.cn.taihe.back.suppliers.mapper.ContactMapper' mapperInterface
2025-10-30 09:19:33.862 DEBUG 9736 --- [main] o.m.s.mapper.ClassPathMapperScanner      : Enabling autowire by type for MapperFactoryBean with name 'contactMapper'.
2025-10-30 09:19:33.862 DEBUG 9736 --- [main] o.m.s.mapper.ClassPathMapperScanner      : Creating MapperFactoryBean with name 'evaluationMapper' and 'com.cn.taihe.back.suppliers.mapper.EvaluationMapper' mapperInterface
2025-10-30 09:19:33.862 DEBUG 9736 --- [main] o.m.s.mapper.ClassPathMapperScanner      : Enabling autowire by type for MapperFactoryBean with name 'evaluationMapper'.
2025-10-30 09:19:33.862 DEBUG 9736 --- [main] o.m.s.mapper.ClassPathMapperScanner      : Creating MapperFactoryBean with name 'supplierCertificateMapper' and 'com.cn.taihe.back.suppliers.mapper.SupplierCertificateMapper' mapperInterface
2025-10-30 09:19:33.862 DEBUG 9736 --- [main] o.m.s.mapper.ClassPathMapperScanner      : Enabling autowire by type for MapperFactoryBean with name 'supplierCertificateMapper'.
2025-10-30 09:19:33.863 DEBUG 9736 --- [main] o.m.s.mapper.ClassPathMapperScanner      : Creating MapperFactoryBean with name 'supplierMapper' and 'com.cn.taihe.back.suppliers.mapper.SupplierMapper' mapperInterface
2025-10-30 09:19:33.863 DEBUG 9736 --- [main] o.m.s.mapper.ClassPathMapperScanner      : Enabling autowire by type for MapperFactoryBean with name 'supplierMapper'.
2025-10-30 09:19:33.988  INFO 9736 --- [main] trationDelegate$BeanPostProcessorChecker : Bean 'spring.datasource.dynamic-com.baomidou.dynamic.datasource.spring.boot.autoconfigure.DynamicDataSourceProperties' of type [com.baomidou.dynamic.datasource.spring.boot.autoconfigure.DynamicDataSourceProperties] is not eligible for getting processed by all BeanPostProcessors (for example: not eligible for auto-proxying)
2025-10-30 09:19:33.989  INFO 9736 --- [main] trationDelegate$BeanPostProcessorChecker : Bean 'com.baomidou.dynamic.datasource.spring.boot.autoconfigure.DynamicDataSourceAutoConfiguration' of type [com.baomidou.dynamic.datasource.spring.boot.autoconfigure.DynamicDataSourceAutoConfiguration$$EnhancerBySpringCGLIB$$19537c02] is not eligible for getting processed by all BeanPostProcessors (for example: not eligible for auto-proxying)
2025-10-30 09:19:33.996  INFO 9736 --- [main] trationDelegate$BeanPostProcessorChecker : Bean 'dsProcessor' of type [com.baomidou.dynamic.datasource.processor.DsHeaderProcessor] is not eligible for getting processed by all BeanPostProcessors (for example: not eligible for auto-proxying)
2025-10-30 09:19:33.999  INFO 9736 --- [main] trationDelegate$BeanPostProcessorChecker : Bean 'dynamicDatasourceAnnotationAdvisor' of type [com.baomidou.dynamic.datasource.aop.DynamicDataSourceAnnotationAdvisor] is not eligible for getting processed by all BeanPostProcessors (for example: not eligible for auto-proxying)
2025-10-30 09:19:34.521  INFO 9736 --- [main] o.s.b.w.embedded.tomcat.TomcatWebServer  : Tomcat initialized with port(s): 8080 (http)
2025-10-30 09:19:34.527  INFO 9736 --- [main] o.apache.catalina.core.StandardService   : Starting service [Tomcat]
2025-10-30 09:19:34.527  INFO 9736 --- [main] org.apache.catalina.core.StandardEngine  : Starting Servlet engine: [Apache Tomcat/9.0.41]
2025-10-30 09:19:34.582  INFO 9736 --- [main] o.a.c.c.C.[Tomcat].[localhost].[/api]    : Initializing Spring embedded WebApplicationContext
2025-10-30 09:19:34.582  INFO 9736 --- [main] w.s.c.ServletWebServerApplicationContext : Root WebApplicationContext: initialization completed in 1305 ms
2025-10-30 09:19:34.611  INFO 9736 --- [main] c.a.d.s.b.a.DruidDataSourceAutoConfigure : Init DruidDataSource
2025-10-30 09:19:34.926  INFO 9736 --- [main] com.alibaba.druid.pool.DruidDataSource   : {dataSource-1} inited
2025-10-30 09:19:35.005  INFO 9736 --- [main] o.hibernate.jpa.internal.util.LogHelper  : HHH000204: Processing PersistenceUnitInfo [name: default]
2025-10-30 09:19:35.049  INFO 9736 --- [main] org.hibernate.Version                    : HHH000412: Hibernate ORM core version 5.4.25.Final
2025-10-30 09:19:35.173  INFO 9736 --- [main] o.hibernate.annotations.common.Version   : HCANN000001: Hibernate Commons Annotations {5.1.2.Final}
2025-10-30 09:19:35.255  INFO 9736 --- [main] org.hibernate.dialect.Dialect            : HHH000400: Using dialect: org.hibernate.dialect.MySQL8Dialect
2025-10-30 09:19:35.808  INFO 9736 --- [main] o.h.e.t.j.p.i.JtaPlatformInitiator       : HHH000490: Using JtaPlatform implementation: [org.hibernate.engine.transaction.jta.platform.internal.NoJtaPlatform]
2025-10-30 09:19:35.813  INFO 9736 --- [main] j.LocalContainerEntityManagerFactoryBean : Initialized JPA EntityManagerFactory for persistence unit 'default'
2025-10-30 09:19:35.905 DEBUG 9736 --- [main] c.b.m.core.MybatisConfiguration          : addMappedStatement: com.cn.taihe.back.category.mapper.CategoryMapper.selectPageList
2025-10-30 09:19:35.919 DEBUG 9736 --- [main] c.b.m.core.MybatisConfiguration          : addMappedStatement: com.cn.taihe.back.category.mapper.CategoryMapper.selectByParentId
2025-10-30 09:19:35.919 DEBUG 9736 --- [main] c.b.m.core.MybatisConfiguration          : addMappedStatement: com.cn.taihe.back.category.mapper.CategoryMapper.selectDisplayTree
2025-10-30 09:19:35.920 DEBUG 9736 --- [main] c.b.m.core.MybatisConfiguration          : addMappedStatement: com.cn.taihe.back.category.mapper.CategoryMapper.selectCategoryPath
2025-10-30 09:19:35.920 DEBUG 9736 --- [main] c.b.m.core.MybatisConfiguration          : addMappedStatement: com.cn.taihe.back.category.mapper.CategoryMapper.updateDisplayStatus
2025-10-30 09:19:35.920 DEBUG 9736 --- [main] c.b.m.core.MybatisConfiguration          : addMappedStatement: com.cn.taihe.back.category.mapper.CategoryMapper.logicDelete
2025-10-30 09:19:35.921 DEBUG 9736 --- [main] c.b.m.core.MybatisConfiguration          : addMappedStatement: com.cn.taihe.back.category.mapper.CategoryMapper.batchUpdateSort
2025-10-30 09:19:35.921 DEBUG 9736 --- [main] c.b.m.core.MybatisConfiguration          : addMappedStatement: com.cn.taihe.back.category.mapper.CategoryMapper.countByLevel
2025-10-30 09:19:35.921 DEBUG 9736 --- [main] c.b.m.core.MybatisConfiguration          : addMappedStatement: com.cn.taihe.back.category.mapper.CategoryMapper.checkNameExists
2025-10-30 09:19:35.922 DEBUG 9736 --- [main] c.b.m.core.MybatisConfiguration          : addMappedStatement: com.cn.taihe.back.category.mapper.CategoryMapper.selectChildrenCount
2025-10-30 09:19:35.927 DEBUG 9736 --- [main] c.b.m.core.MybatisConfiguration          : addMappedStatement: com.cn.taihe.back.category.mapper.CategoryMapper.countByNameAndParentId
2025-10-30 09:19:35.927 DEBUG 9736 --- [main] c.b.m.core.MybatisConfiguration          : addMappedStatement: com.cn.taihe.back.category.mapper.CategoryMapper.selectChildrenByParentId
2025-10-30 09:19:35.927 DEBUG 9736 --- [main] c.b.m.core.MybatisConfiguration          : addMappedStatement: com.cn.taihe.back.category.mapper.CategoryMapper.logicalDeleteById
2025-10-30 09:19:35.928 DEBUG 9736 --- [main] c.b.m.core.MybatisConfiguration          : addMappedStatement: com.cn.taihe.back.category.mapper.CategoryMapper.countByNameAndNullParent
2025-10-30 09:19:35.928 DEBUG 9736 --- [main] c.b.m.core.MybatisConfiguration          : addMappedStatement: com.cn.taihe.back.category.mapper.CategoryMapper.countByNameAndParentIdExcludeSelf
2025-10-30 09:19:35.928 DEBUG 9736 --- [main] c.b.m.core.MybatisConfiguration          : addMappedStatement: com.cn.taihe.back.category.mapper.CategoryMapper.countByNameAndNullParentExcludeSelf
2025-10-30 09:19:35.930 DEBUG 9736 --- [main] c.b.m.core.MybatisConfiguration          : addMappedStatement: com.cn.taihe.back.category.mapper.CategoryMapper.updateById
2025-10-30 09:19:35.944 DEBUG 9736 --- [main] c.b.m.core.MybatisConfiguration          : addMappedStatement: com.cn.taihe.back.category.mapper.CategoryMapper.insert
2025-10-30 09:19:35.947 DEBUG 9736 --- [main] c.b.m.core.MybatisConfiguration          : addMappedStatement: com.cn.taihe.back.category.mapper.CategoryMapper.delete
2025-10-30 09:19:35.948 DEBUG 9736 --- [main] c.b.m.core.MybatisConfiguration          : addMappedStatement: com.cn.taihe.back.category.mapper.CategoryMapper.deleteByMap
2025-10-30 09:19:35.949 DEBUG 9736 --- [main] c.b.m.core.MybatisConfiguration          : addMappedStatement: com.cn.taihe.back.category.mapper.CategoryMapper.deleteById
2025-10-30 09:19:35.949 DEBUG 9736 --- [main] c.b.m.core.MybatisConfiguration          : addMappedStatement: com.cn.taihe.back.category.mapper.CategoryMapper.deleteBatchIds
2025-10-30 09:19:35.951 DEBUG 9736 --- [main] c.b.m.core.MybatisConfiguration          : addMappedStatement: com.cn.taihe.back.category.mapper.CategoryMapper.update
2025-10-30 09:19:35.952  WARN 9736 --- [main] c.b.m.core.injector.AbstractMethod       : [com.cn.taihe.back.category.mapper.CategoryMapper.updateById] Has been loaded by XML or SqlProvider or Mybatis's Annotation, so ignoring this injection for [class com.baomidou.mybatisplus.core.injector.methods.UpdateById]
2025-10-30 09:19:35.953 DEBUG 9736 --- [main] c.b.m.core.MybatisConfiguration          : addMappedStatement: com.cn.taihe.back.category.mapper.CategoryMapper.selectById
2025-10-30 09:19:35.954 DEBUG 9736 --- [main] c.b.m.core.MybatisConfiguration          : addMappedStatement: com.cn.taihe.back.category.mapper.CategoryMapper.selectBatchIds
2025-10-30 09:19:35.954 DEBUG 9736 --- [main] c.b.m.core.MybatisConfiguration          : addMappedStatement: com.cn.taihe.back.category.mapper.CategoryMapper.selectByMap
2025-10-30 09:19:35.956 DEBUG 9736 --- [main] c.b.m.core.MybatisConfiguration          : addMappedStatement: com.cn.taihe.back.category.mapper.CategoryMapper.selectOne
2025-10-30 09:19:35.957 DEBUG 9736 --- [main] c.b.m.core.MybatisConfiguration          : addMappedStatement: com.cn.taihe.back.category.mapper.CategoryMapper.selectCount
2025-10-30 09:19:35.958 DEBUG 9736 --- [main] c.b.m.core.MybatisConfiguration          : addMappedStatement: com.cn.taihe.back.category.mapper.CategoryMapper.selectMaps
2025-10-30 09:19:35.959 DEBUG 9736 --- [main] c.b.m.core.MybatisConfiguration          : addMappedStatement: com.cn.taihe.back.category.mapper.CategoryMapper.selectMapsPage
2025-10-30 09:19:35.961 DEBUG 9736 --- [main] c.b.m.core.MybatisConfiguration          : addMappedStatement: com.cn.taihe.back.category.mapper.CategoryMapper.selectObjs
2025-10-30 09:19:35.961 DEBUG 9736 --- [main] c.b.m.core.MybatisConfiguration          : addMappedStatement: com.cn.taihe.back.category.mapper.CategoryMapper.selectList
2025-10-30 09:19:35.962 DEBUG 9736 --- [main] c.b.m.core.MybatisConfiguration          : addMappedStatement: com.cn.taihe.back.category.mapper.CategoryMapper.selectPage
2025-10-30 09:19:35.963 DEBUG 9736 --- [main] c.b.m.e.s.MybatisSqlSessionFactoryBean   : Parsed mapper file: 'file [F:\project_soft\Java_soft\taihe\aifengshui\backcentral\target\classes\mapper\CategoryMapper.xml]'
2025-10-30 09:19:35.966 DEBUG 9736 --- [main] c.b.m.core.MybatisConfiguration          : addMappedStatement: com.cn.taihe.back.suppliers.mapper.ChangeLogMapper.selectChangeLogsByCondition
2025-10-30 09:19:35.966 DEBUG 9736 --- [main] c.b.m.core.MybatisConfiguration          : addMappedStatement: com.cn.taihe.back.suppliers.mapper.ChangeLogMapper.selectChangeLogsByMapCondition
2025-10-30 09:19:35.966 DEBUG 9736 --- [main] c.b.m.core.MybatisConfiguration          : addMappedStatement: com.cn.taihe.back.suppliers.mapper.ChangeLogMapper.batchInsertChangeLogs
2025-10-30 09:19:35.967 DEBUG 9736 --- [main] c.b.m.core.MybatisConfiguration          : addMappedStatement: com.cn.taihe.back.suppliers.mapper.ChangeLogMapper.batchDeleteBySupplierIds
2025-10-30 09:19:35.967 DEBUG 9736 --- [main] c.b.m.core.MybatisConfiguration          : addMappedStatement: com.cn.taihe.back.suppliers.mapper.ChangeLogMapper.selectRecentChangeLogs
2025-10-30 09:19:35.968 DEBUG 9736 --- [main] c.b.m.core.MybatisConfiguration          : addMappedStatement: com.cn.taihe.back.suppliers.mapper.ChangeLogMapper.insert
2025-10-30 09:19:35.969 DEBUG 9736 --- [main] c.b.m.core.MybatisConfiguration          : addMappedStatement: com.cn.taihe.back.suppliers.mapper.ChangeLogMapper.delete
2025-10-30 09:19:35.970 DEBUG 9736 --- [main] c.b.m.core.MybatisConfiguration          : addMappedStatement: com.cn.taihe.back.suppliers.mapper.ChangeLogMapper.deleteByMap
2025-10-30 09:19:35.971 DEBUG 9736 --- [main] c.b.m.core.MybatisConfiguration          : addMappedStatement: com.cn.taihe.back.suppliers.mapper.ChangeLogMapper.deleteById
2025-10-30 09:19:35.971 DEBUG 9736 --- [main] c.b.m.core.MybatisConfiguration          : addMappedStatement: com.cn.taihe.back.suppliers.mapper.ChangeLogMapper.deleteBatchIds
2025-10-30 09:19:35.972 DEBUG 9736 --- [main] c.b.m.core.MybatisConfiguration          : addMappedStatement: com.cn.taihe.back.suppliers.mapper.ChangeLogMapper.update
2025-10-30 09:19:35.973 DEBUG 9736 --- [main] c.b.m.core.MybatisConfiguration          : addMappedStatement: com.cn.taihe.back.suppliers.mapper.ChangeLogMapper.updateById
2025-10-30 09:19:35.973 DEBUG 9736 --- [main] c.b.m.core.MybatisConfiguration          : addMappedStatement: com.cn.taihe.back.suppliers.mapper.ChangeLogMapper.selectById
2025-10-30 09:19:35.973 DEBUG 9736 --- [main] c.b.m.core.MybatisConfiguration          : addMappedStatement: com.cn.taihe.back.suppliers.mapper.ChangeLogMapper.selectBatchIds
2025-10-30 09:19:35.974 DEBUG 9736 --- [main] c.b.m.core.MybatisConfiguration          : addMappedStatement: com.cn.taihe.back.suppliers.mapper.ChangeLogMapper.selectByMap
2025-10-30 09:19:35.974 DEBUG 9736 --- [main] c.b.m.core.MybatisConfiguration          : addMappedStatement: com.cn.taihe.back.suppliers.mapper.ChangeLogMapper.selectOne
2025-10-30 09:19:35.975 DEBUG 9736 --- [main] c.b.m.core.MybatisConfiguration          : addMappedStatement: com.cn.taihe.back.suppliers.mapper.ChangeLogMapper.selectCount
2025-10-30 09:19:35.975 DEBUG 9736 --- [main] c.b.m.core.MybatisConfiguration          : addMappedStatement: com.cn.taihe.back.suppliers.mapper.ChangeLogMapper.selectMaps
2025-10-30 09:19:35.976 DEBUG 9736 --- [main] c.b.m.core.MybatisConfiguration          : addMappedStatement: com.cn.taihe.back.suppliers.mapper.ChangeLogMapper.selectMapsPage
2025-10-30 09:19:35.977 DEBUG 9736 --- [main] c.b.m.core.MybatisConfiguration          : addMappedStatement: com.cn.taihe.back.suppliers.mapper.ChangeLogMapper.selectObjs
2025-10-30 09:19:35.977 DEBUG 9736 --- [main] c.b.m.core.MybatisConfiguration          : addMappedStatement: com.cn.taihe.back.suppliers.mapper.ChangeLogMapper.selectList
2025-10-30 09:19:35.978 DEBUG 9736 --- [main] c.b.m.core.MybatisConfiguration          : addMappedStatement: com.cn.taihe.back.suppliers.mapper.ChangeLogMapper.selectPage
2025-10-30 09:19:35.978 DEBUG 9736 --- [main] c.b.m.e.s.MybatisSqlSessionFactoryBean   : Parsed mapper file: 'file [F:\project_soft\Java_soft\taihe\aifengshui\backcentral\target\classes\mapper\ChangeLogMapper.xml]'
2025-10-30 09:19:35.981 DEBUG 9736 --- [main] c.b.m.core.MybatisConfiguration          : addMappedStatement: com.cn.taihe.back.suppliers.mapper.ContactMapper.selectContactsByCondition
2025-10-30 09:19:35.981 DEBUG 9736 --- [main] c.b.m.core.MybatisConfiguration          : addMappedStatement: com.cn.taihe.back.suppliers.mapper.ContactMapper.selectContactsByMapCondition
2025-10-30 09:19:35.981 DEBUG 9736 --- [main] c.b.m.core.MybatisConfiguration          : addMappedStatement: com.cn.taihe.back.suppliers.mapper.ContactMapper.batchInsertContacts
2025-10-30 09:19:35.981 DEBUG 9736 --- [main] c.b.m.core.MybatisConfiguration          : addMappedStatement: com.cn.taihe.back.suppliers.mapper.ContactMapper.batchDeleteContacts
2025-10-30 09:19:35.981 DEBUG 9736 --- [main] c.b.m.core.MybatisConfiguration          : addMappedStatement: com.cn.taihe.back.suppliers.mapper.ContactMapper.batchDeleteBySupplierIds
2025-10-30 09:19:35.982 DEBUG 9736 --- [main] c.b.m.core.MybatisConfiguration          : addMappedStatement: com.cn.taihe.back.suppliers.mapper.ContactMapper.updatePrimaryStatus
2025-10-30 09:19:35.983 DEBUG 9736 --- [main] c.b.m.core.MybatisConfiguration          : addMappedStatement: com.cn.taihe.back.suppliers.mapper.ContactMapper.insert
2025-10-30 09:19:35.984 DEBUG 9736 --- [main] c.b.m.core.MybatisConfiguration          : addMappedStatement: com.cn.taihe.back.suppliers.mapper.ContactMapper.delete
2025-10-30 09:19:35.984 DEBUG 9736 --- [main] c.b.m.core.MybatisConfiguration          : addMappedStatement: com.cn.taihe.back.suppliers.mapper.ContactMapper.deleteByMap
2025-10-30 09:19:35.985 DEBUG 9736 --- [main] c.b.m.core.MybatisConfiguration          : addMappedStatement: com.cn.taihe.back.suppliers.mapper.ContactMapper.deleteById
2025-10-30 09:19:35.985 DEBUG 9736 --- [main] c.b.m.core.MybatisConfiguration          : addMappedStatement: com.cn.taihe.back.suppliers.mapper.ContactMapper.deleteBatchIds
2025-10-30 09:19:35.986 DEBUG 9736 --- [main] c.b.m.core.MybatisConfiguration          : addMappedStatement: com.cn.taihe.back.suppliers.mapper.ContactMapper.update
2025-10-30 09:19:35.987 DEBUG 9736 --- [main] c.b.m.core.MybatisConfiguration          : addMappedStatement: com.cn.taihe.back.suppliers.mapper.ContactMapper.updateById
2025-10-30 09:19:35.987 DEBUG 9736 --- [main] c.b.m.core.MybatisConfiguration          : addMappedStatement: com.cn.taihe.back.suppliers.mapper.ContactMapper.selectById
2025-10-30 09:19:35.987 DEBUG 9736 --- [main] c.b.m.core.MybatisConfiguration          : addMappedStatement: com.cn.taihe.back.suppliers.mapper.ContactMapper.selectBatchIds
2025-10-30 09:19:35.988 DEBUG 9736 --- [main] c.b.m.core.MybatisConfiguration          : addMappedStatement: com.cn.taihe.back.suppliers.mapper.ContactMapper.selectByMap
2025-10-30 09:19:35.988 DEBUG 9736 --- [main] c.b.m.core.MybatisConfiguration          : addMappedStatement: com.cn.taihe.back.suppliers.mapper.ContactMapper.selectOne
2025-10-30 09:19:35.989 DEBUG 9736 --- [main] c.b.m.core.MybatisConfiguration          : addMappedStatement: com.cn.taihe.back.suppliers.mapper.ContactMapper.selectCount
2025-10-30 09:19:35.989 DEBUG 9736 --- [main] c.b.m.core.MybatisConfiguration          : addMappedStatement: com.cn.taihe.back.suppliers.mapper.ContactMapper.selectMaps
2025-10-30 09:19:35.990 DEBUG 9736 --- [main] c.b.m.core.MybatisConfiguration          : addMappedStatement: com.cn.taihe.back.suppliers.mapper.ContactMapper.selectMapsPage
2025-10-30 09:19:35.991 DEBUG 9736 --- [main] c.b.m.core.MybatisConfiguration          : addMappedStatement: com.cn.taihe.back.suppliers.mapper.ContactMapper.selectObjs
2025-10-30 09:19:35.991 DEBUG 9736 --- [main] c.b.m.core.MybatisConfiguration          : addMappedStatement: com.cn.taihe.back.suppliers.mapper.ContactMapper.selectList
2025-10-30 09:19:35.992 DEBUG 9736 --- [main] c.b.m.core.MybatisConfiguration          : addMappedStatement: com.cn.taihe.back.suppliers.mapper.ContactMapper.selectPage
2025-10-30 09:19:35.992 DEBUG 9736 --- [main] c.b.m.e.s.MybatisSqlSessionFactoryBean   : Parsed mapper file: 'file [F:\project_soft\Java_soft\taihe\aifengshui\backcentral\target\classes\mapper\ContactMapper.xml]'
2025-10-30 09:19:35.995 DEBUG 9736 --- [main] c.b.m.core.MybatisConfiguration          : addMappedStatement: com.cn.taihe.back.suppliers.mapper.EvaluationMapper.selectEvaluationsByCondition
2025-10-30 09:19:35.995 DEBUG 9736 --- [main] c.b.m.core.MybatisConfiguration          : addMappedStatement: com.cn.taihe.back.suppliers.mapper.EvaluationMapper.selectEvaluationsByMapCondition
2025-10-30 09:19:35.995 DEBUG 9736 --- [main] c.b.m.core.MybatisConfiguration          : addMappedStatement: com.cn.taihe.back.suppliers.mapper.EvaluationMapper.batchInsertEvaluations
2025-10-30 09:19:35.995 DEBUG 9736 --- [main] c.b.m.core.MybatisConfiguration          : addMappedStatement: com.cn.taihe.back.suppliers.mapper.EvaluationMapper.batchDeleteEvaluations
2025-10-30 09:19:35.995 DEBUG 9736 --- [main] c.b.m.core.MybatisConfiguration          : addMappedStatement: com.cn.taihe.back.suppliers.mapper.EvaluationMapper.batchDeleteBySupplierIds
2025-10-30 09:19:35.995 DEBUG 9736 --- [main] c.b.m.core.MybatisConfiguration          : addMappedStatement: com.cn.taihe.back.suppliers.mapper.EvaluationMapper.calculateAverageScore
2025-10-30 09:19:35.996 DEBUG 9736 --- [main] c.b.m.core.MybatisConfiguration          : addMappedStatement: com.cn.taihe.back.suppliers.mapper.EvaluationMapper.insert
2025-10-30 09:19:35.997 DEBUG 9736 --- [main] c.b.m.core.MybatisConfiguration          : addMappedStatement: com.cn.taihe.back.suppliers.mapper.EvaluationMapper.delete
2025-10-30 09:19:35.998 DEBUG 9736 --- [main] c.b.m.core.MybatisConfiguration          : addMappedStatement: com.cn.taihe.back.suppliers.mapper.EvaluationMapper.deleteByMap
2025-10-30 09:19:35.998 DEBUG 9736 --- [main] c.b.m.core.MybatisConfiguration          : addMappedStatement: com.cn.taihe.back.suppliers.mapper.EvaluationMapper.deleteById
2025-10-30 09:19:35.998 DEBUG 9736 --- [main] c.b.m.core.MybatisConfiguration          : addMappedStatement: com.cn.taihe.back.suppliers.mapper.EvaluationMapper.deleteBatchIds
2025-10-30 09:19:35.999 DEBUG 9736 --- [main] c.b.m.core.MybatisConfiguration          : addMappedStatement: com.cn.taihe.back.suppliers.mapper.EvaluationMapper.update
2025-10-30 09:19:36.000 DEBUG 9736 --- [main] c.b.m.core.MybatisConfiguration          : addMappedStatement: com.cn.taihe.back.suppliers.mapper.EvaluationMapper.updateById
2025-10-30 09:19:36.000 DEBUG 9736 --- [main] c.b.m.core.MybatisConfiguration          : addMappedStatement: com.cn.taihe.back.suppliers.mapper.EvaluationMapper.selectById
2025-10-30 09:19:36.000 DEBUG 9736 --- [main] c.b.m.core.MybatisConfiguration          : addMappedStatement: com.cn.taihe.back.suppliers.mapper.EvaluationMapper.selectBatchIds
2025-10-30 09:19:36.000 DEBUG 9736 --- [main] c.b.m.core.MybatisConfiguration          : addMappedStatement: com.cn.taihe.back.suppliers.mapper.EvaluationMapper.selectByMap
2025-10-30 09:19:36.001 DEBUG 9736 --- [main] c.b.m.core.MybatisConfiguration          : addMappedStatement: com.cn.taihe.back.suppliers.mapper.EvaluationMapper.selectOne
2025-10-30 09:19:36.002 DEBUG 9736 --- [main] c.b.m.core.MybatisConfiguration          : addMappedStatement: com.cn.taihe.back.suppliers.mapper.EvaluationMapper.selectCount
2025-10-30 09:19:36.002 DEBUG 9736 --- [main] c.b.m.core.MybatisConfiguration          : addMappedStatement: com.cn.taihe.back.suppliers.mapper.EvaluationMapper.selectMaps
2025-10-30 09:19:36.003 DEBUG 9736 --- [main] c.b.m.core.MybatisConfiguration          : addMappedStatement: com.cn.taihe.back.suppliers.mapper.EvaluationMapper.selectMapsPage
2025-10-30 09:19:36.004 DEBUG 9736 --- [main] c.b.m.core.MybatisConfiguration          : addMappedStatement: com.cn.taihe.back.suppliers.mapper.EvaluationMapper.selectObjs
2025-10-30 09:19:36.004 DEBUG 9736 --- [main] c.b.m.core.MybatisConfiguration          : addMappedStatement: com.cn.taihe.back.suppliers.mapper.EvaluationMapper.selectList
2025-10-30 09:19:36.005 DEBUG 9736 --- [main] c.b.m.core.MybatisConfiguration          : addMappedStatement: com.cn.taihe.back.suppliers.mapper.EvaluationMapper.selectPage
2025-10-30 09:19:36.005 DEBUG 9736 --- [main] c.b.m.e.s.MybatisSqlSessionFactoryBean   : Parsed mapper file: 'file [F:\project_soft\Java_soft\taihe\aifengshui\backcentral\target\classes\mapper\EvaluationMapper.xml]'
2025-10-30 09:19:36.009 DEBUG 9736 --- [main] c.b.m.core.MybatisConfiguration          : addMappedStatement: com.cn.taihe.back.product.mapper.ProductMapper.selectByCondition
2025-10-30 09:19:36.009 DEBUG 9736 --- [main] c.b.m.core.MybatisConfiguration          : addMappedStatement: com.cn.taihe.back.product.mapper.ProductMapper.updateStatus
2025-10-30 09:19:36.009 DEBUG 9736 --- [main] c.b.m.core.MybatisConfiguration          : addMappedStatement: com.cn.taihe.back.product.mapper.ProductMapper.selectByCategoryId
2025-10-30 09:19:36.009 DEBUG 9736 --- [main] c.b.m.core.MybatisConfiguration          : addMappedStatement: com.cn.taihe.back.product.mapper.ProductMapper.updateSales
2025-10-30 09:19:36.010 DEBUG 9736 --- [main] c.b.m.core.MybatisConfiguration          : addMappedStatement: com.cn.taihe.back.product.mapper.ProductMapper.deleteBatchByIds
2025-10-30 09:19:36.011 DEBUG 9736 --- [main] c.b.m.core.MybatisConfiguration          : addMappedStatement: com.cn.taihe.back.product.mapper.ProductMapper.insertBatch
2025-10-30 09:19:36.018 DEBUG 9736 --- [main] c.b.m.core.MybatisConfiguration          : addMappedStatement: com.cn.taihe.back.product.mapper.ProductMapper.countByCondition
2025-10-30 09:19:36.019 DEBUG 9736 --- [main] c.b.m.core.MybatisConfiguration          : addMappedStatement: com.cn.taihe.back.product.mapper.ProductMapper.selectByBrandId
2025-10-30 09:19:36.019 DEBUG 9736 --- [main] c.b.m.core.MybatisConfiguration          : addMappedStatement: com.cn.taihe.back.product.mapper.ProductMapper.selectByStatus
2025-10-30 09:19:36.019 DEBUG 9736 --- [main] c.b.m.core.MybatisConfiguration          : addMappedStatement: com.cn.taihe.back.product.mapper.ProductMapper.updateByIdSelective
2025-10-30 09:19:36.021 DEBUG 9736 --- [main] c.b.m.core.MybatisConfiguration          : addMappedStatement: com.cn.taihe.back.product.mapper.ProductMapper.insert
2025-10-30 09:19:36.022 DEBUG 9736 --- [main] c.b.m.core.MybatisConfiguration          : addMappedStatement: com.cn.taihe.back.product.mapper.ProductMapper.delete
2025-10-30 09:19:36.022 DEBUG 9736 --- [main] c.b.m.core.MybatisConfiguration          : addMappedStatement: com.cn.taihe.back.product.mapper.ProductMapper.deleteByMap
2025-10-30 09:19:36.023 DEBUG 9736 --- [main] c.b.m.core.MybatisConfiguration          : addMappedStatement: com.cn.taihe.back.product.mapper.ProductMapper.deleteById
2025-10-30 09:19:36.023 DEBUG 9736 --- [main] c.b.m.core.MybatisConfiguration          : addMappedStatement: com.cn.taihe.back.product.mapper.ProductMapper.deleteBatchIds
2025-10-30 09:19:36.024 DEBUG 9736 --- [main] c.b.m.core.MybatisConfiguration          : addMappedStatement: com.cn.taihe.back.product.mapper.ProductMapper.update
2025-10-30 09:19:36.025 DEBUG 9736 --- [main] c.b.m.core.MybatisConfiguration          : addMappedStatement: com.cn.taihe.back.product.mapper.ProductMapper.updateById
2025-10-30 09:19:36.025 DEBUG 9736 --- [main] c.b.m.core.MybatisConfiguration          : addMappedStatement: com.cn.taihe.back.product.mapper.ProductMapper.selectById
2025-10-30 09:19:36.026 DEBUG 9736 --- [main] c.b.m.core.MybatisConfiguration          : addMappedStatement: com.cn.taihe.back.product.mapper.ProductMapper.selectBatchIds
2025-10-30 09:19:36.027 DEBUG 9736 --- [main] c.b.m.core.MybatisConfiguration          : addMappedStatement: com.cn.taihe.back.product.mapper.ProductMapper.selectByMap
2025-10-30 09:19:36.028 DEBUG 9736 --- [main] c.b.m.core.MybatisConfiguration          : addMappedStatement: com.cn.taihe.back.product.mapper.ProductMapper.selectOne
2025-10-30 09:19:36.029 DEBUG 9736 --- [main] c.b.m.core.MybatisConfiguration          : addMappedStatement: com.cn.taihe.back.product.mapper.ProductMapper.selectCount
2025-10-30 09:19:36.029 DEBUG 9736 --- [main] c.b.m.core.MybatisConfiguration          : addMappedStatement: com.cn.taihe.back.product.mapper.ProductMapper.selectMaps
2025-10-30 09:19:36.030 DEBUG 9736 --- [main] c.b.m.core.MybatisConfiguration          : addMappedStatement: com.cn.taihe.back.product.mapper.ProductMapper.selectMapsPage
2025-10-30 09:19:36.030 DEBUG 9736 --- [main] c.b.m.core.MybatisConfiguration          : addMappedStatement: com.cn.taihe.back.product.mapper.ProductMapper.selectObjs
2025-10-30 09:19:36.031 DEBUG 9736 --- [main] c.b.m.core.MybatisConfiguration          : addMappedStatement: com.cn.taihe.back.product.mapper.ProductMapper.selectList
2025-10-30 09:19:36.032 DEBUG 9736 --- [main] c.b.m.core.MybatisConfiguration          : addMappedStatement: com.cn.taihe.back.product.mapper.ProductMapper.selectPage
2025-10-30 09:19:36.032 DEBUG 9736 --- [main] c.b.m.e.s.MybatisSqlSessionFactoryBean   : Parsed mapper file: 'file [F:\project_soft\Java_soft\taihe\aifengshui\backcentral\target\classes\mapper\ProductMapper.xml]'
2025-10-30 09:19:36.035 DEBUG 9736 --- [main] c.b.m.core.MybatisConfiguration          : addMappedStatement: com.cn.taihe.back.suppliers.mapper.SupplierCertificateMapper.selectCertificatesByCondition
2025-10-30 09:19:36.035 DEBUG 9736 --- [main] c.b.m.core.MybatisConfiguration          : addMappedStatement: com.cn.taihe.back.suppliers.mapper.SupplierCertificateMapper.batchInsertCertificates
2025-10-30 09:19:36.035 DEBUG 9736 --- [main] c.b.m.core.MybatisConfiguration          : addMappedStatement: com.cn.taihe.back.suppliers.mapper.SupplierCertificateMapper.batchDeleteBySupplierIds
2025-10-30 09:19:36.035 DEBUG 9736 --- [main] c.b.m.core.MybatisConfiguration          : addMappedStatement: com.cn.taihe.back.suppliers.mapper.SupplierCertificateMapper.updateCertificateValidity
2025-10-30 09:19:36.038 DEBUG 9736 --- [main] c.b.m.core.MybatisConfiguration          : addMappedStatement: com.cn.taihe.back.suppliers.mapper.SupplierCertificateMapper.insert
2025-10-30 09:19:36.039 DEBUG 9736 --- [main] c.b.m.core.MybatisConfiguration          : addMappedStatement: com.cn.taihe.back.suppliers.mapper.SupplierCertificateMapper.delete
2025-10-30 09:19:36.039 DEBUG 9736 --- [main] c.b.m.core.MybatisConfiguration          : addMappedStatement: com.cn.taihe.back.suppliers.mapper.SupplierCertificateMapper.deleteByMap
2025-10-30 09:19:36.039 DEBUG 9736 --- [main] c.b.m.core.MybatisConfiguration          : addMappedStatement: com.cn.taihe.back.suppliers.mapper.SupplierCertificateMapper.deleteById
2025-10-30 09:19:36.040 DEBUG 9736 --- [main] c.b.m.core.MybatisConfiguration          : addMappedStatement: com.cn.taihe.back.suppliers.mapper.SupplierCertificateMapper.deleteBatchIds
2025-10-30 09:19:36.042 DEBUG 9736 --- [main] c.b.m.core.MybatisConfiguration          : addMappedStatement: com.cn.taihe.back.suppliers.mapper.SupplierCertificateMapper.update
2025-10-30 09:19:36.043 DEBUG 9736 --- [main] c.b.m.core.MybatisConfiguration          : addMappedStatement: com.cn.taihe.back.suppliers.mapper.SupplierCertificateMapper.updateById
2025-10-30 09:19:36.043 DEBUG 9736 --- [main] c.b.m.core.MybatisConfiguration          : addMappedStatement: com.cn.taihe.back.suppliers.mapper.SupplierCertificateMapper.selectById
2025-10-30 09:19:36.044 DEBUG 9736 --- [main] c.b.m.core.MybatisConfiguration          : addMappedStatement: com.cn.taihe.back.suppliers.mapper.SupplierCertificateMapper.selectBatchIds
2025-10-30 09:19:36.044 DEBUG 9736 --- [main] c.b.m.core.MybatisConfiguration          : addMappedStatement: com.cn.taihe.back.suppliers.mapper.SupplierCertificateMapper.selectByMap
2025-10-30 09:19:36.045 DEBUG 9736 --- [main] c.b.m.core.MybatisConfiguration          : addMappedStatement: com.cn.taihe.back.suppliers.mapper.SupplierCertificateMapper.selectOne
2025-10-30 09:19:36.046 DEBUG 9736 --- [main] c.b.m.core.MybatisConfiguration          : addMappedStatement: com.cn.taihe.back.suppliers.mapper.SupplierCertificateMapper.selectCount
2025-10-30 09:19:36.047 DEBUG 9736 --- [main] c.b.m.core.MybatisConfiguration          : addMappedStatement: com.cn.taihe.back.suppliers.mapper.SupplierCertificateMapper.selectMaps
2025-10-30 09:19:36.047 DEBUG 9736 --- [main] c.b.m.core.MybatisConfiguration          : addMappedStatement: com.cn.taihe.back.suppliers.mapper.SupplierCertificateMapper.selectMapsPage
2025-10-30 09:19:36.048 DEBUG 9736 --- [main] c.b.m.core.MybatisConfiguration          : addMappedStatement: com.cn.taihe.back.suppliers.mapper.SupplierCertificateMapper.selectObjs
2025-10-30 09:19:36.049 DEBUG 9736 --- [main] c.b.m.core.MybatisConfiguration          : addMappedStatement: com.cn.taihe.back.suppliers.mapper.SupplierCertificateMapper.selectList
2025-10-30 09:19:36.049 DEBUG 9736 --- [main] c.b.m.core.MybatisConfiguration          : addMappedStatement: com.cn.taihe.back.suppliers.mapper.SupplierCertificateMapper.selectPage
2025-10-30 09:19:36.049 DEBUG 9736 --- [main] c.b.m.e.s.MybatisSqlSessionFactoryBean   : Parsed mapper file: 'file [F:\project_soft\Java_soft\taihe\aifengshui\backcentral\target\classes\mapper\SupplierCertificateMapper.xml]'
2025-10-30 09:19:36.052 DEBUG 9736 --- [main] c.b.m.core.MybatisConfiguration          : addMappedStatement: com.cn.taihe.back.suppliers.mapper.SupplierMapper.deleteById
2025-10-30 09:19:36.053 DEBUG 9736 --- [main] c.b.m.core.MybatisConfiguration          : addMappedStatement: com.cn.taihe.back.suppliers.mapper.SupplierMapper.selectByCondition
2025-10-30 09:19:36.054 DEBUG 9736 --- [main] c.b.m.core.MybatisConfiguration          : addMappedStatement: com.cn.taihe.back.suppliers.mapper.SupplierMapper.batchUpdateStatus
2025-10-30 09:19:36.054 DEBUG 9736 --- [main] c.b.m.core.MybatisConfiguration          : addMappedStatement: com.cn.taihe.back.suppliers.mapper.SupplierMapper.updateSupplierSelective
2025-10-30 09:19:36.054 DEBUG 9736 --- [main] c.b.m.core.MybatisConfiguration          : addMappedStatement: com.cn.taihe.back.suppliers.mapper.SupplierMapper.selectById
2025-10-30 09:19:36.055 DEBUG 9736 --- [main] c.b.m.core.MybatisConfiguration          : addMappedStatement: com.cn.taihe.back.suppliers.mapper.SupplierMapper.batchDeleteByIds
2025-10-30 09:19:36.055 DEBUG 9736 --- [main] c.b.m.core.MybatisConfiguration          : addMappedStatement: com.cn.taihe.back.suppliers.mapper.SupplierMapper.insertSupplier
2025-10-30 09:19:36.055 DEBUG 9736 --- [main] c.b.m.core.MybatisConfiguration          : addMappedStatement: com.cn.taihe.back.suppliers.mapper.SupplierMapper.selectAll
2025-10-30 09:19:36.058 DEBUG 9736 --- [main] c.b.m.core.MybatisConfiguration          : addMappedStatement: com.cn.taihe.back.suppliers.mapper.SupplierMapper.insert
2025-10-30 09:19:36.059 DEBUG 9736 --- [main] c.b.m.core.MybatisConfiguration          : addMappedStatement: com.cn.taihe.back.suppliers.mapper.SupplierMapper.delete
2025-10-30 09:19:36.059 DEBUG 9736 --- [main] c.b.m.core.MybatisConfiguration          : addMappedStatement: com.cn.taihe.back.suppliers.mapper.SupplierMapper.deleteByMap
2025-10-30 09:19:36.059  WARN 9736 --- [main] c.b.m.core.injector.AbstractMethod       : [com.cn.taihe.back.suppliers.mapper.SupplierMapper.deleteById] Has been loaded by XML or SqlProvider or Mybatis's Annotation, so ignoring this injection for [class com.baomidou.mybatisplus.core.injector.methods.DeleteById]
2025-10-30 09:19:36.060 DEBUG 9736 --- [main] c.b.m.core.MybatisConfiguration          : addMappedStatement: com.cn.taihe.back.suppliers.mapper.SupplierMapper.deleteBatchIds
2025-10-30 09:19:36.061 DEBUG 9736 --- [main] c.b.m.core.MybatisConfiguration          : addMappedStatement: com.cn.taihe.back.suppliers.mapper.SupplierMapper.update
2025-10-30 09:19:36.061 DEBUG 9736 --- [main] c.b.m.core.MybatisConfiguration          : addMappedStatement: com.cn.taihe.back.suppliers.mapper.SupplierMapper.updateById
2025-10-30 09:19:36.061  WARN 9736 --- [main] c.b.m.core.injector.AbstractMethod       : [com.cn.taihe.back.suppliers.mapper.SupplierMapper.selectById] Has been loaded by XML or SqlProvider or Mybatis's Annotation, so ignoring this injection for [class com.baomidou.mybatisplus.core.injector.methods.SelectById]
2025-10-30 09:19:36.062 DEBUG 9736 --- [main] c.b.m.core.MybatisConfiguration          : addMappedStatement: com.cn.taihe.back.suppliers.mapper.SupplierMapper.selectBatchIds
2025-10-30 09:19:36.062 DEBUG 9736 --- [main] c.b.m.core.MybatisConfiguration          : addMappedStatement: com.cn.taihe.back.suppliers.mapper.SupplierMapper.selectByMap
2025-10-30 09:19:36.063 DEBUG 9736 --- [main] c.b.m.core.MybatisConfiguration          : addMappedStatement: com.cn.taihe.back.suppliers.mapper.SupplierMapper.selectOne
2025-10-30 09:19:36.063 DEBUG 9736 --- [main] c.b.m.core.MybatisConfiguration          : addMappedStatement: com.cn.taihe.back.suppliers.mapper.SupplierMapper.selectCount
2025-10-30 09:19:36.064 DEBUG 9736 --- [main] c.b.m.core.MybatisConfiguration          : addMappedStatement: com.cn.taihe.back.suppliers.mapper.SupplierMapper.selectMaps
2025-10-30 09:19:36.066 DEBUG 9736 --- [main] c.b.m.core.MybatisConfiguration          : addMappedStatement: com.cn.taihe.back.suppliers.mapper.SupplierMapper.selectMapsPage
2025-10-30 09:19:36.066 DEBUG 9736 --- [main] c.b.m.core.MybatisConfiguration          : addMappedStatement: com.cn.taihe.back.suppliers.mapper.SupplierMapper.selectObjs
2025-10-30 09:19:36.067 DEBUG 9736 --- [main] c.b.m.core.MybatisConfiguration          : addMappedStatement: com.cn.taihe.back.suppliers.mapper.SupplierMapper.selectList
2025-10-30 09:19:36.068 DEBUG 9736 --- [main] c.b.m.core.MybatisConfiguration          : addMappedStatement: com.cn.taihe.back.suppliers.mapper.SupplierMapper.selectPage
2025-10-30 09:19:36.068 DEBUG 9736 --- [main] c.b.m.e.s.MybatisSqlSessionFactoryBean   : Parsed mapper file: 'file [F:\project_soft\Java_soft\taihe\aifengshui\backcentral\target\classes\mapper\SupplierMapper.xml]'
2025-10-30 09:19:36.072 DEBUG 9736 --- [main] c.b.m.core.MybatisConfiguration          : addMappedStatement: com.cn.taihe.back.user.mapper.UserMapper.selectUsersByPage
2025-10-30 09:19:36.072 DEBUG 9736 --- [main] c.b.m.core.MybatisConfiguration          : addMappedStatement: com.cn.taihe.back.user.mapper.UserMapper.countUsers
2025-10-30 09:19:36.072 DEBUG 9736 --- [main] c.b.m.core.MybatisConfiguration          : addMappedStatement: com.cn.taihe.back.user.mapper.UserMapper.selectAll
2025-10-30 09:19:36.073 DEBUG 9736 --- [main] c.b.m.core.MybatisConfiguration          : addMappedStatement: com.cn.taihe.back.user.mapper.UserMapper.update
2025-10-30 09:19:36.073 DEBUG 9736 --- [main] c.b.m.core.MybatisConfiguration          : addMappedStatement: com.cn.taihe.back.user.mapper.UserMapper.insert
2025-10-30 09:19:36.073 DEBUG 9736 --- [main] c.b.m.core.MybatisConfiguration          : addMappedStatement: com.cn.taihe.back.user.mapper.UserMapper.updateStatus
2025-10-30 09:19:36.074 DEBUG 9736 --- [main] c.b.m.core.MybatisConfiguration          : addMappedStatement: com.cn.taihe.back.user.mapper.UserMapper.deleteById
2025-10-30 09:19:36.075 DEBUG 9736 --- [main] c.b.m.core.MybatisConfiguration          : addMappedStatement: com.cn.taihe.back.user.mapper.UserMapper.selectByCondition
2025-10-30 09:19:36.075 DEBUG 9736 --- [main] c.b.m.core.MybatisConfiguration          : addMappedStatement: com.cn.taihe.back.user.mapper.UserMapper.selectById
2025-10-30 09:19:36.075 DEBUG 9736 --- [main] c.b.m.core.MybatisConfiguration          : addMappedStatement: com.cn.taihe.back.user.mapper.UserMapper.existsByEmail
2025-10-30 09:19:36.075 DEBUG 9736 --- [main] c.b.m.core.MybatisConfiguration          : addMappedStatement: com.cn.taihe.back.user.mapper.UserMapper.selectAll
2025-10-30 09:19:36.075 ERROR 9736 --- [main] c.b.m.core.MybatisConfiguration          : mapper[com.cn.taihe.back.user.mapper.UserMapper.selectAll] is ignored, because it exists, maybe from xml file
2025-10-30 09:19:36.075 DEBUG 9736 --- [main] c.b.m.core.MybatisConfiguration          : addMappedStatement: com.cn.taihe.back.user.mapper.UserMapper.selectByEmail
2025-10-30 09:19:36.075 DEBUG 9736 --- [main] c.b.m.core.MybatisConfiguration          : addMappedStatement: com.cn.taihe.back.user.mapper.UserMapper.updatePassword
2025-10-30 09:19:36.076 DEBUG 9736 --- [main] c.b.m.core.MybatisConfiguration          : addMappedStatement: com.cn.taihe.back.user.mapper.UserMapper.updateLastLoginTime
2025-10-30 09:19:36.076 DEBUG 9736 --- [main] c.b.m.e.s.MybatisSqlSessionFactoryBean   : Parsed mapper file: 'file [F:\project_soft\Java_soft\taihe\aifengshui\backcentral\target\classes\mapper\UserMapper.xml]'
2025-10-30 09:19:36.080 DEBUG 9736 --- [main] c.b.m.core.MybatisConfiguration          : addMappedStatement: com.cn.taihe.back.user.mapper.UserPasswordResetMapper.insert
2025-10-30 09:19:36.080 DEBUG 9736 --- [main] c.b.m.core.MybatisConfiguration          : addMappedStatement: com.cn.taihe.back.user.mapper.UserPasswordResetMapper.findValidByToken
2025-10-30 09:19:36.081 DEBUG 9736 --- [main] c.b.m.core.MybatisConfiguration          : addMappedStatement: com.cn.taihe.back.user.mapper.UserPasswordResetMapper.markAsUsed
2025-10-30 09:19:36.081 DEBUG 9736 --- [main] c.b.m.core.MybatisConfiguration          : addMappedStatement: com.cn.taihe.back.user.mapper.UserPasswordResetMapper.deleteExpiredTokens
2025-10-30 09:19:36.081 DEBUG 9736 --- [main] c.b.m.core.MybatisConfiguration          : addMappedStatement: com.cn.taihe.back.user.mapper.UserPasswordResetMapper.findLatestByUserId
2025-10-30 09:19:36.081 DEBUG 9736 --- [main] c.b.m.core.MybatisConfiguration          : addMappedStatement: com.cn.taihe.back.user.mapper.UserPasswordResetMapper.countUnusedTokensByUser
2025-10-30 09:19:36.082 DEBUG 9736 --- [main] c.b.m.core.MybatisConfiguration          : addMappedStatement: com.cn.taihe.back.user.mapper.UserPasswordResetMapper.insert
2025-10-30 09:19:36.082 ERROR 9736 --- [main] c.b.m.core.MybatisConfiguration          : mapper[com.cn.taihe.back.user.mapper.UserPasswordResetMapper.insert] is ignored, because it exists, maybe from xml file
2025-10-30 09:19:36.082 DEBUG 9736 --- [main] c.b.m.core.MybatisConfiguration          : addMappedStatement: com.cn.taihe.back.user.mapper.UserPasswordResetMapper.selectValidByToken
2025-10-30 09:19:36.082 DEBUG 9736 --- [main] c.b.m.core.MybatisConfiguration          : addMappedStatement: com.cn.taihe.back.user.mapper.UserPasswordResetMapper.markAsUsed
2025-10-30 09:19:36.082 ERROR 9736 --- [main] c.b.m.core.MybatisConfiguration          : mapper[com.cn.taihe.back.user.mapper.UserPasswordResetMapper.markAsUsed] is ignored, because it exists, maybe from xml file
2025-10-30 09:19:36.082 DEBUG 9736 --- [main] c.b.m.core.MybatisConfiguration          : addMappedStatement: com.cn.taihe.back.user.mapper.UserPasswordResetMapper.deleteExpiredTokens
2025-10-30 09:19:36.082 ERROR 9736 --- [main] c.b.m.core.MybatisConfiguration          : mapper[com.cn.taihe.back.user.mapper.UserPasswordResetMapper.deleteExpiredTokens] is ignored, because it exists, maybe from xml file
2025-10-30 09:19:36.082 DEBUG 9736 --- [main] c.b.m.e.s.MybatisSqlSessionFactoryBean   : Parsed mapper file: 'file [F:\project_soft\Java_soft\taihe\aifengshui\backcentral\target\classes\mapper\UserPasswordResetMapper.xml]'
2025-10-30 09:19:36.701  WARN 9736 --- [main] JpaBaseConfiguration$JpaWebConfiguration : spring.jpa.open-in-view is enabled by default. Therefore, database queries may be performed during view rendering. Explicitly configure spring.jpa.open-in-view to disable this warning
2025-10-30 09:19:36.861  INFO 9736 --- [main] o.s.s.concurrent.ThreadPoolTaskExecutor  : Initializing ExecutorService 'applicationTaskExecutor'
2025-10-30 09:19:37.060  INFO 9736 --- [main] o.s.b.w.embedded.tomcat.TomcatWebServer  : Tomcat started on port(s): 8080 (http) with context path '/api'
2025-10-30 09:19:37.061  INFO 9736 --- [main] com.cn.taihe.BackcentralMicroserviceApp  : Started BackcentralMicroserviceApp in 4.077 seconds (JVM running for 4.37)
2025-10-30 09:31:30.717  INFO 9736 --- [http-nio-8080-exec-2] o.a.c.c.C.[Tomcat].[localhost].[/api]    : Initializing Spring DispatcherServlet 'dispatcherServlet'
2025-10-30 09:31:30.717  INFO 9736 --- [http-nio-8080-exec-2] o.s.web.servlet.DispatcherServlet        : Initializing Servlet 'dispatcherServlet'
2025-10-30 09:31:30.721  INFO 9736 --- [http-nio-8080-exec-2] o.s.web.servlet.DispatcherServlet        : Completed initialization in 4 ms
2025-10-30 09:31:30.838  INFO 9736 --- [http-nio-8080-exec-2] c.c.t.b.s.controller.SupplierController  : SupplierQueryDTO(supplierCode=null, name=null, shortName=null, status=null, supplierLevel=null, companyType=null, unifiedCreditCode=null, legalPerson=null, registeredAddress=null, contactPerson=null, contactPhone=null, performanceScoreMin=null, performanceScoreMax=null, mainCategories=null), page: 1, size: 10
2025-10-30 09:31:30.839  INFO 9736 --- [http-nio-8080-exec-2] c.c.t.b.s.s.impl.SupplierServiceImpl     : SupplierQueryDTO(supplierCode=null, name=null, shortName=null, status=null, supplierLevel=null, companyType=null, unifiedCreditCode=null, legalPerson=null, registeredAddress=null, contactPerson=null, contactPhone=null, performanceScoreMin=null, performanceScoreMax=null, mainCategories=null), page: 1, size: 10
2025-10-30 09:31:30.844 DEBUG 9736 --- [http-nio-8080-exec-2] org.mybatis.spring.SqlSessionUtils       : Creating a new SqlSession
2025-10-30 09:31:30.853 DEBUG 9736 --- [http-nio-8080-exec-2] org.mybatis.spring.SqlSessionUtils       : SqlSession [org.apache.ibatis.session.defaults.DefaultSqlSession@5cfe82a7] was not registered for synchronization because synchronization is not active
2025-10-30 09:31:30.917 DEBUG 9736 --- [http-nio-8080-exec-2] o.m.s.t.SpringManagedTransaction         : JDBC Connection [com.alibaba.druid.proxy.jdbc.ConnectionProxyImpl@54d49fea] will not be managed by Spring
2025-10-30 09:31:30.919 DEBUG 9736 --- [http-nio-8080-exec-2] c.c.t.b.s.m.S.selectByCondition_COUNT    : ==>  Preparing: SELECT count(0) FROM suppliers WHERE 1 = 1
2025-10-30 09:31:30.944 DEBUG 9736 --- [http-nio-8080-exec-2] c.c.t.b.s.m.S.selectByCondition_COUNT    : ==> Parameters: 
2025-10-30 09:31:30.952 DEBUG 9736 --- [http-nio-8080-exec-2] c.c.t.b.s.m.S.selectByCondition_COUNT    : <==      Total: 1
2025-10-30 09:31:30.954 DEBUG 9736 --- [http-nio-8080-exec-2] c.c.t.b.s.m.S.selectByCondition          : ==>  Preparing: SELECT * FROM suppliers WHERE 1=1 ORDER BY created_at DESC LIMIT ?
2025-10-30 09:31:30.956 DEBUG 9736 --- [http-nio-8080-exec-2] c.c.t.b.s.m.S.selectByCondition          : ==> Parameters: 10(Integer)
2025-10-30 09:31:30.964 DEBUG 9736 --- [http-nio-8080-exec-2] c.c.t.b.s.m.S.selectByCondition          : <==      Total: 10
2025-10-30 09:31:30.964 DEBUG 9736 --- [http-nio-8080-exec-2] org.mybatis.spring.SqlSessionUtils       : Closing non transactional SqlSession [org.apache.ibatis.session.defaults.DefaultSqlSession@5cfe82a7]
2025-10-30 09:31:30.965  INFO 9736 --- [http-nio-8080-exec-2] c.c.t.b.s.s.impl.SupplierServiceImpl     : 15
2025-10-30 09:31:30.965  INFO 9736 --- [http-nio-8080-exec-2] c.c.t.b.s.controller.SupplierController  : 15
2025-10-30 09:31:35.079  INFO 9736 --- [SpringContextShutdownHook] o.s.s.concurrent.ThreadPoolTaskExecutor  : Shutting down ExecutorService 'applicationTaskExecutor'
2025-10-30 09:31:35.081  INFO 9736 --- [SpringContextShutdownHook] j.LocalContainerEntityManagerFactoryBean : Closing JPA EntityManagerFactory for persistence unit 'default'
2025-10-30 09:31:35.082  INFO 9736 --- [SpringContextShutdownHook] com.alibaba.druid.pool.DruidDataSource   : {dataSource-1} closing ...
2025-10-30 09:31:35.086  INFO 9736 --- [SpringContextShutdownHook] com.alibaba.druid.pool.DruidDataSource   : {dataSource-1} closed
